<?xml version="1.0" encoding="UTF-8"?>
<testng-results skipped="0" failed="0" total="1" passed="1">
  <reporter-output>
  </reporter-output>
  <suite name="MavenJenkinsSuite" duration-ms="19590" started-at="2016-10-01T02:35:52Z" finished-at="2016-10-01T02:36:12Z">
    <groups>
    </groups>
    <test name="MavenTest" duration-ms="19590" started-at="2016-10-01T02:35:52Z" finished-at="2016-10-01T02:36:12Z">
      <class name="com.pack.MavenJenkinsTestCase">
        <test-method status="PASS" signature="setUP()[pri:0, instance:com.pack.MavenJenkinsTestCase@4563e9ab]" name="setUP" is-config="true" duration-ms="16063" started-at="2016-10-01T08:05:52Z" finished-at="2016-10-01T08:06:08Z">
          <reporter-output>
          </reporter-output>
        </test-method> <!-- setUP -->
        <test-method status="PASS" signature="firstTestCase()[pri:0, instance:com.pack.MavenJenkinsTestCase@4563e9ab]" name="firstTestCase" duration-ms="3511" started-at="2016-10-01T08:06:08Z" finished-at="2016-10-01T08:06:12Z">
          <reporter-output>
          </reporter-output>
        </test-method> <!-- firstTestCase -->
      </class> <!-- com.pack.MavenJenkinsTestCase -->
    </test> <!-- MavenTest -->
  </suite> <!-- MavenJenkinsSuite -->
</testng-results>
